<?xml version="1.0" encoding="UTF-8"?>
<!-- Generated by org.testng.reporters.JUnitReportReporter -->
<testsuite skipped="0" hostname="DESKTOP-D1BLCET" name="com.class01.gjdgnjsdh" tests="1" failures="0" timestamp="2020-06-02T13:08:15 EDT" time="7.705" errors="0">
  <testcase name="testOne" time="7.705" classname="com.class01.gjdgnjsdh"/>
  <system-out/>
</testsuite> <!-- com.class01.gjdgnjsdh -->
