<?xml version="1.0" encoding="UTF-8"?>
<!-- Generated by org.testng.reporters.JUnitReportReporter -->
<testsuite skipped="0" hostname="DESKTOP-D1BLCET" name="com.class01.TestLOgin" tests="3" failures="0" timestamp="2020-06-03T20:07:49 EDT" time="21.448" errors="0">
  <testcase name="test1" time="7.294" classname="com.class01.TestLOgin"/>
  <system-out/>
  <testcase name="test3" time="8.637" classname="com.class01.TestLOgin"/>
  <system-out/>
  <testcase name="test2" time="5.517" classname="com.class01.TestLOgin"/>
  <system-out/>
</testsuite> <!-- com.class01.TestLOgin -->
