<?xml version="1.0" encoding="UTF-8"?>
<!-- Generated by org.testng.reporters.JUnitReportReporter -->
<testsuite skipped="0" hostname="DESKTOP-D1BLCET" name="com.class01.TestNGdemo" tests="3" failures="0" timestamp="2020-05-19T19:15:56 EDT" time="0.013" errors="0">
  <testcase name="testThree" time="0.003" classname="com.class01.TestNGdemo"/>
  <system-out/>
  <testcase name="testOne" time="0.008" classname="com.class01.TestNGdemo"/>
  <system-out/>
  <testcase name="testTwo" time="0.002" classname="com.class01.TestNGdemo"/>
  <system-out/>
</testsuite> <!-- com.class01.TestNGdemo -->
