<?xml version="1.0" encoding="UTF-8"?>
<!-- Generated by org.testng.reporters.JUnitReportReporter -->
<testsuite skipped="0" hostname="DESKTOP-D1BLCET" name="com.class01.AnotationsDemo" tests="1" failures="0" timestamp="2020-05-19T20:01:49 EDT" time="0.012" errors="0">
  <testcase name="method" time="0.012" classname="com.class01.AnotationsDemo"/>
  <system-out/>
</testsuite> <!-- com.class01.AnotationsDemo -->
