<?xml version="1.0" encoding="UTF-8"?>
<!-- Generated by org.testng.reporters.JUnitReportReporter -->
<testsuite skipped="0" hostname="DESKTOP-D1BLCET" name="class04.HW" tests="1" failures="0" timestamp="2020-05-27T20:04:56 EDT" time="23.204" errors="0">
  <testcase name="test" time="23.204" classname="class04.HW"/>
  <system-out/>
</testsuite> <!-- class04.HW -->
