<?xml version="1.0" encoding="UTF-8"?>
<!-- Generated by org.testng.reporters.JUnitReportReporter -->
<testsuite skipped="0" hostname="DESKTOP-D1BLCET" name="com.class01.TaskTwo" tests="3" failures="0" timestamp="2020-05-19T20:56:43 EDT" time="0.012" errors="0">
  <testcase name="test1" time="0.007" classname="com.class01.TaskTwo"/>
  <system-out/>
  <testcase name="test3" time="0.002" classname="com.class01.TaskTwo"/>
  <system-out/>
  <testcase name="test2" time="0.003" classname="com.class01.TaskTwo"/>
  <system-out/>
</testsuite> <!-- com.class01.TaskTwo -->
