<?xml version="1.0" encoding="UTF-8"?>
<!-- Generated by org.testng.reporters.JUnitReportReporter -->
<testsuite skipped="0" hostname="DESKTOP-D1BLCET" name="com.hrms.testcase.loginTest" tests="1" failures="0" timestamp="2020-06-02T23:46:03 EDT" time="18.521" errors="0">
  <testcase name="testOne" time="18.521" classname="com.hrms.testcase.loginTest"/>
  <system-out/>
</testsuite> <!-- com.hrms.testcase.loginTest -->
