<?xml version="1.0" encoding="UTF-8"?>
<!-- Generated by org.testng.reporters.JUnitReportReporter -->
<testsuite skipped="0" hostname="DESKTOP-D1BLCET" name="fromMars.testNG" tests="1" failures="0" timestamp="2020-05-19T13:14:16 EDT" time="0.020" errors="0">
  <testcase name="display" time="0.020" classname="fromMars.testNG"/>
  <system-out/>
</testsuite> <!-- fromMars.testNG -->
